# JRE version: Java(TM) SE Runtime Environment (8.0_65-b17) (build 1.8.0_65-b17)
# Java VM: Java HotSpot(TM) 64-Bit Server VM (25.65-b01 mixed mode bsd-amd64 compressed oops)
Heap:
 PSYoungGen      total 315392K, used 274840K [0x00000007a0000000, 0x00000007bbd00000, 0x00000007c0000000)
  eden space 273920K, 85% used [0x00000007a0000000,0x00000007ae5c0838,0x00000007b0b80000)
  from space 41472K, 95% used [0x00000007b0b80000,0x00000007b3225ab8,0x00000007b3400000)
  to   space 47104K, 0% used [0x00000007b8f00000,0x00000007b8f00000,0x00000007bbd00000)
 ParOldGen       total 167424K, used 54636K [0x0000000760000000, 0x000000076a380000, 0x00000007a0000000)
  object space 167424K, 32% used [0x0000000760000000,0x000000076355b0a0,0x000000076a380000)
 Metaspace       used 72380K, capacity 74726K, committed 74968K, reserved 1114112K
  class space    used 9352K, capacity 9888K, committed 9984K, reserved 1048576K
GC Heap History (10 events):
Event: 26.263 GC heap before
{Heap before GC invocations=17 (full 4):
 PSYoungGen      total 224768K, used 13498K [0x00000007a0000000, 0x00000007b2a80000, 0x00000007c0000000)
  eden space 190464K, 0% used [0x00000007a0000000,0x00000007a0000000,0x00000007aba00000)
  from space 34304K, 39% used [0x00000007aba00000,0x00000007ac72eb28,0x00000007adb80000)
  to   space 32768K, 0% used [0x00000007b0a80000,0x00000007b0a80000,0x00000007b2a80000)
 ParOldGen       total 167424K, used 42586K [0x0000000760000000, 0x000000076a380000, 0x00000007a0000000)
  object space 167424K, 25% used [0x0000000760000000,0x0000000762996960,0x000000076a380000)
 Metaspace       used 65921K, capacity 67760K, committed 68056K, reserved 1107968K
  class space    used 8680K, capacity 9147K, committed 9216K, reserved 1048576K
Event: 26.629 GC heap after
Heap after GC invocations=17 (full 4):
 PSYoungGen      total 224768K, used 0K [0x00000007a0000000, 0x00000007b2a80000, 0x00000007c0000000)
  eden space 190464K, 0% used [0x00000007a0000000,0x00000007a0000000,0x00000007aba00000)
  from space 34304K, 0% used [0x00000007aba00000,0x00000007aba00000,0x00000007adb80000)
  to   space 32768K, 0% used [0x00000007b0a80000,0x00000007b0a80000,0x00000007b2a80000)
 ParOldGen       total 167424K, used 47984K [0x0000000760000000, 0x000000076a380000, 0x00000007a0000000)
  object space 167424K, 28% used [0x0000000760000000,0x0000000762edc108,0x000000076a380000)
 Metaspace       used 65921K, capacity 67760K, committed 68056K, reserved 1107968K
  class space    used 8680K, capacity 9147K, committed 9216K, reserved 1048576K
}
Event: 54.318 GC heap before
{Heap before GC invocations=18 (full 4):
 PSYoungGen      total 224768K, used 190464K [0x00000007a0000000, 0x00000007b2a80000, 0x00000007c0000000)
  eden space 190464K, 100% used [0x00000007a0000000,0x00000007aba00000,0x00000007aba00000)
  from space 34304K, 0% used [0x00000007aba00000,0x00000007aba00000,0x00000007adb80000)
  to   space 32768K, 0% used [0x00000007b0a80000,0x00000007b0a80000,0x00000007b2a80000)
 ParOldGen       total 167424K, used 47984K [0x0000000760000000, 0x000000076a380000, 0x00000007a0000000)
  object space 167424K, 28% used [0x0000000760000000,0x0000000762edc108,0x000000076a380000)
 Metaspace       used 67447K, capacity 69354K, committed 69464K, reserved 1110016K
  class space    used 8797K, capacity 9272K, committed 9344K, reserved 1048576K
Event: 54.336 GC heap after
Heap after GC invocations=18 (full 4):
 PSYoungGen      total 255488K, used 8085K [0x00000007a0000000, 0x00000007b2100000, 0x00000007c0000000)
  eden space 232448K, 0% used [0x00000007a0000000,0x00000007a0000000,0x00000007ae300000)
  from space 23040K, 35% used [0x00000007b0a80000,0x00000007b12655b8,0x00000007b2100000)
  to   space 31744K, 0% used [0x00000007ae300000,0x00000007ae300000,0x00000007b0200000)
 ParOldGen       total 167424K, used 47992K [0x0000000760000000, 0x000000076a380000, 0x00000007a0000000)
  object space 167424K, 28% used [0x0000000760000000,0x0000000762ede108,0x000000076a380000)
 Metaspace       used 67447K, capacity 69354K, committed 69464K, reserved 1110016K
  class space    used 8797K, capacity 9272K, committed 9344K, reserved 1048576K
}
Event: 57.711 GC heap before
{Heap before GC invocations=19 (full 4):
 PSYoungGen      total 255488K, used 240533K [0x00000007a0000000, 0x00000007b2100000, 0x00000007c0000000)
  eden space 232448K, 100% used [0x00000007a0000000,0x00000007ae300000,0x00000007ae300000)
  from space 23040K, 35% used [0x00000007b0a80000,0x00000007b12655b8,0x00000007b2100000)
  to   space 31744K, 0% used [0x00000007ae300000,0x00000007ae300000,0x00000007b0200000)
 ParOldGen       total 167424K, used 47992K [0x0000000760000000, 0x000000076a380000, 0x00000007a0000000)
  object space 167424K, 28% used [0x0000000760000000,0x0000000762ede108,0x000000076a380000)
 Metaspace       used 69524K, capacity 71696K, committed 71768K, reserved 1112064K
  class space    used 9031K, capacity 9573K, committed 9600K, reserved 1048576K
Event: 57.743 GC heap after
Heap after GC invocations=19 (full 4):
 PSYoungGen      total 264192K, used 23151K [0x00000007a0000000, 0x00000007b5500000, 0x00000007c0000000)
  eden space 232448K, 0% used [0x00000007a0000000,0x00000007a0000000,0x00000007ae300000)
  from space 31744K, 72% used [0x00000007ae300000,0x00000007af99bf68,0x00000007b0200000)
  to   space 33792K, 0% used [0x00000007b3400000,0x00000007b3400000,0x00000007b5500000)
 ParOldGen       total 167424K, used 48000K [0x0000000760000000, 0x000000076a380000, 0x00000007a0000000)
  object space 167424K, 28% used [0x0000000760000000,0x0000000762ee0108,0x000000076a380000)
 Metaspace       used 69524K, capacity 71696K, committed 71768K, reserved 1112064K
  class space    used 9031K, capacity 9573K, committed 9600K, reserved 1048576K
}
Event: 59.067 GC heap before
{Heap before GC invocations=20 (full 4):
 PSYoungGen      total 264192K, used 255343K [0x00000007a0000000, 0x00000007b5500000, 0x00000007c0000000)
  eden space 232448K, 99% used [0x00000007a0000000,0x00000007ae2bfcb8,0x00000007ae300000)
  from space 31744K, 72% used [0x00000007ae300000,0x00000007af99bf68,0x00000007b0200000)
  to   space 33792K, 0% used [0x00000007b3400000,0x00000007b3400000,0x00000007b5500000)
 ParOldGen       total 167424K, used 48000K [0x0000000760000000, 0x000000076a380000, 0x00000007a0000000)
  object space 167424K, 28% used [0x0000000760000000,0x0000000762ee0108,0x000000076a380000)
 Metaspace       used 71290K, capacity 73478K, committed 73816K, reserved 1114112K
  class space    used 9226K, capacity 9738K, committed 9856K, reserved 1048576K
Event: 59.144 GC heap after
Heap after GC invocations=20 (full 4):
 PSYoungGen      total 307712K, used 33789K [0x00000007a0000000, 0x00000007b7980000, 0x00000007c0000000)
  eden space 273920K, 0% used [0x00000007a0000000,0x00000007a0000000,0x00000007b0b80000)
  from space 33792K, 99% used [0x00000007b3400000,0x00000007b54ff7c8,0x00000007b5500000)
  to   space 41472K, 0% used [0x00000007b0b80000,0x00000007b0b80000,0x00000007b3400000)
 ParOldGen       total 167424K, used 54628K [0x0000000760000000, 0x000000076a380000, 0x00000007a0000000)
  object space 167424K, 32% used [0x0000000760000000,0x00000007635590a0,0x000000076a380000)
 Metaspace       used 71290K, capacity 73478K, committed 73816K, reserved 1114112K
  class space    used 9226K, capacity 9738K, committed 9856K, reserved 1048576K
}
Event: 60.856 GC heap before
{Heap before GC invocations=21 (full 4):
 PSYoungGen      total 307712K, used 307709K [0x00000007a0000000, 0x00000007b7980000, 0x00000007c0000000)
  eden space 273920K, 100% used [0x00000007a0000000,0x00000007b0b80000,0x00000007b0b80000)
  from space 33792K, 99% used [0x00000007b3400000,0x00000007b54ff7c8,0x00000007b5500000)
  to   space 41472K, 0% used [0x00000007b0b80000,0x00000007b0b80000,0x00000007b3400000)
 ParOldGen       total 167424K, used 54628K [0x0000000760000000, 0x000000076a380000, 0x00000007a0000000)
  object space 167424K, 32% used [0x0000000760000000,0x00000007635590a0,0x000000076a380000)
 Metaspace       used 72335K, capacity 74662K, committed 74968K, reserved 1114112K
  class space    used 9344K, capacity 9888K, committed 9984K, reserved 1048576K
Event: 60.913 GC heap after
Heap after GC invocations=21 (full 4):
 PSYoungGen      total 315392K, used 39574K [0x00000007a0000000, 0x00000007bbd00000, 0x00000007c0000000)
  eden space 273920K, 0% used [0x00000007a0000000,0x00000007a0000000,0x00000007b0b80000)
  from space 41472K, 95% used [0x00000007b0b80000,0x00000007b3225ab8,0x00000007b3400000)
  to   space 47104K, 0% used [0x00000007b8f00000,0x00000007b8f00000,0x00000007bbd00000)
 ParOldGen       total 167424K, used 54636K [0x0000000760000000, 0x000000076a380000, 0x00000007a0000000)
  object space 167424K, 32% used [0x0000000760000000,0x000000076355b0a0,0x000000076a380000)
 Metaspace       used 72335K, capacity 74662K, committed 74968K, reserved 1114112K
  class space    used 9344K, capacity 9888K, committed 9984K, reserved 1048576K
}

